<?xml version="1.0" encoding="UTF-8"?>
<!-- Generated by org.testng.reporters.JUnitXMLReporter -->
<testsuite ignored="0" hostname="MS-7B48" failures="0" tests="8" name="Default test" time="8.996" errors="0" timestamp="2022-08-10T14:05:58 CST">
  <testcase classname="listener_demo.TestCases" name="calculatePageLoadTime" time="0.736"/>
  <testcase classname="listener_demo.TestCases" name="getWindowHandle" time="4.647"/>
  <testcase classname="listener_demo.TestCases" name="navigateToDifferentUrl" time="1.689"/>
  <testcase classname="listener_demo.TestCases" name="testSuccessfulLogin" time="0.271"/>
  <testcase classname="listener_demo.TestCases" name="verifyCurrentURL" time="0.031"/>
  <testcase classname="listener_demo.TestCases" name="verifyHomepageTitle" time="0.149"/>
  <testcase classname="listener_demo.TestCases" name="verifyNumberOfProducts" time="0.188"/>
  <testcase classname="listener_demo.TestCases" name="verifyPageSource" time="0.013"/>
</testsuite> <!-- Default test -->
