<?xml version="1.0" encoding="UTF-8"?>
<!-- Generated by org.testng.reporters.JUnitXMLReporter -->
<testsuite ignored="0" hostname="MS-7B48" failures="0" tests="8" name="Default test" time="7.855" errors="0" timestamp="2022-08-09T21:36:42 CST">
  <testcase classname="listener_demo.TestCases" name="calculatePageLoadTime" time="0.607"/>
  <testcase classname="listener_demo.TestCases" name="getWindowHandle" time="4.23"/>
  <testcase classname="listener_demo.TestCases" name="navigateToDifferentUrl" time="1.149"/>
  <testcase classname="listener_demo.TestCases" name="testSuccessfulLogin" time="0.288"/>
  <testcase classname="listener_demo.TestCases" name="verifyCurrentURL" time="0.03"/>
  <testcase classname="listener_demo.TestCases" name="verifyHomepageTitle" time="0.157"/>
  <testcase classname="listener_demo.TestCases" name="verifyNumberOfProducts" time="0.171"/>
  <testcase classname="listener_demo.TestCases" name="verifyPageSource" time="0.008"/>
</testsuite> <!-- Default test -->
